<?xml version="1.0" encoding="UTF-8"?>
<robot generator="Robot 4.1.1 (Python 3.9.7 on win32)" generated="20210908 22:17:32.249" rpa="false" schemaversion="2">
<suite id="s1" name="Testcase" source="c:\Users\user\projects\RoboFramework\Tests\testcase.robot">
<test id="s1-t1" name="Observe user is able to test sanity flow">
<kw name="Given User launch browser for flipkart">
<kw name="Open Browser" library="SeleniumLibrary">
<arg>${url}</arg>
<arg>${browser}</arg>
<doc>Opens a new browser instance to the optional ``url``.</doc>
<msg timestamp="20210908 22:17:33.739" level="INFO">Opening browser 'gc' to base url 'https://www.flipkart.com/'.</msg>
<status status="PASS" starttime="20210908 22:17:33.739" endtime="20210908 22:17:43.402"/>
</kw>
<kw name="Maximize Browser Window" library="SeleniumLibrary">
<doc>Maximizes current browser window.</doc>
<status status="PASS" starttime="20210908 22:17:43.402" endtime="20210908 22:17:43.690"/>
</kw>
<kw name="Sleep" library="BuiltIn">
<arg>2</arg>
<doc>Pauses the test executed for the given time.</doc>
<msg timestamp="20210908 22:17:45.707" level="INFO">Slept 2 seconds</msg>
<status status="PASS" starttime="20210908 22:17:43.695" endtime="20210908 22:17:45.710"/>
</kw>
<status status="PASS" starttime="20210908 22:17:33.728" endtime="20210908 22:17:45.712"/>
</kw>
<kw name="Username and password for login">
<kw name="Input Text" library="SeleniumLibrary">
<arg>${username}</arg>
<arg>${input username}</arg>
<doc>Types the given ``text`` into the text field identified by ``locator``.</doc>
<msg timestamp="20210908 22:17:45.735" level="INFO">Typing text '8076606282' into text field 'xpath://*[@class='_2IX_2- VJZDxU']'.</msg>
<status status="PASS" starttime="20210908 22:17:45.729" endtime="20210908 22:17:45.907"/>
</kw>
<kw name="Input Password" library="SeleniumLibrary">
<arg>${password}</arg>
<arg>${input password}</arg>
<doc>Types the given password into the text field identified by ``locator``.</doc>
<msg timestamp="20210908 22:17:45.909" level="INFO">Typing password into text field 'xpath://*[@class='_2IX_2- _3mctLh VJZDxU']'.</msg>
<msg timestamp="20210908 22:17:46.008" level="INFO">Temporally setting log level to: NONE</msg>
<msg timestamp="20210908 22:17:46.184" level="INFO">Log level changed from NONE to INFO.</msg>
<status status="PASS" starttime="20210908 22:17:45.909" endtime="20210908 22:17:46.185"/>
</kw>
<kw name="Sleep" library="BuiltIn">
<arg>2</arg>
<doc>Pauses the test executed for the given time.</doc>
<msg timestamp="20210908 22:17:48.203" level="INFO">Slept 2 seconds</msg>
<status status="PASS" starttime="20210908 22:17:46.186" endtime="20210908 22:17:48.205"/>
</kw>
<kw name="Click Button" library="SeleniumLibrary">
<arg>${login}</arg>
<doc>Clicks the button identified by ``locator``.</doc>
<msg timestamp="20210908 22:17:48.212" level="INFO">Clicking button 'xpath://*[@class='_2KpZ6l _2HKlqd _3AWRsL']'.</msg>
<status status="PASS" starttime="20210908 22:17:48.208" endtime="20210908 22:17:48.408"/>
</kw>
<kw name="Sleep" library="BuiltIn">
<arg>2</arg>
<doc>Pauses the test executed for the given time.</doc>
<msg timestamp="20210908 22:17:50.425" level="INFO">Slept 2 seconds</msg>
<status status="PASS" starttime="20210908 22:17:48.409" endtime="20210908 22:17:50.426"/>
</kw>
<status status="PASS" starttime="20210908 22:17:45.719" endtime="20210908 22:17:50.433"/>
</kw>
<kw name="Choose electronics category">
<kw name="Scroll Element Into View" library="SeleniumLibrary">
<arg>${electronics}</arg>
<doc>Scrolls the element identified by ``locator`` into view.</doc>
<status status="PASS" starttime="20210908 22:17:50.441" endtime="20210908 22:17:52.739"/>
</kw>
<kw name="Sleep" library="BuiltIn">
<arg>2</arg>
<doc>Pauses the test executed for the given time.</doc>
<msg timestamp="20210908 22:17:54.755" level="INFO">Slept 2 seconds</msg>
<status status="PASS" starttime="20210908 22:17:52.740" endtime="20210908 22:17:54.756"/>
</kw>
<status status="PASS" starttime="20210908 22:17:50.437" endtime="20210908 22:17:54.760"/>
</kw>
<kw name="select hairstraightner">
<kw name="Mouse Down" library="SeleniumLibrary">
<arg>${scroll to product}</arg>
<doc>Simulates pressing the left mouse button on the element ``locator``.</doc>
<msg timestamp="20210908 22:17:54.767" level="INFO">Simulating Mouse Down on element 'xpath://*[@id="container"]/div/div[2]/div/div/div[5]/a/div[2]/div[2]/div[2]/div/div/div[1]/a[5]'.</msg>
<status status="PASS" starttime="20210908 22:17:54.760" endtime="20210908 22:17:55.105"/>
</kw>
<kw name="Sleep" library="BuiltIn">
<arg>1</arg>
<doc>Pauses the test executed for the given time.</doc>
<msg timestamp="20210908 22:17:56.117" level="INFO">Slept 1 second</msg>
<status status="PASS" starttime="20210908 22:17:55.108" endtime="20210908 22:17:56.117"/>
</kw>
<kw name="Mouse Over" library="SeleniumLibrary">
<arg>${scrolling over the product}</arg>
<doc>Simulates hovering the mouse over the element ``locator``.</doc>
<msg timestamp="20210908 22:17:56.125" level="INFO">Simulating Mouse Over on element 'xpath://*[@id="container"]/div/div[2]/div/div/div[5]/a/div[2]/div[2]/div[2]/div/div/div[2]/a[4]'.</msg>
<status status="PASS" starttime="20210908 22:17:56.120" endtime="20210908 22:17:56.438"/>
</kw>
<kw name="Sleep" library="BuiltIn">
<arg>1</arg>
<doc>Pauses the test executed for the given time.</doc>
<msg timestamp="20210908 22:17:57.445" level="INFO">Slept 1 second</msg>
<status status="PASS" starttime="20210908 22:17:56.439" endtime="20210908 22:17:57.447"/>
</kw>
<kw name="Scroll Element Into View" library="SeleniumLibrary">
<arg>${scrolling product to view}</arg>
<doc>Scrolls the element identified by ``locator`` into view.</doc>
<status status="PASS" starttime="20210908 22:17:57.448" endtime="20210908 22:17:57.739"/>
</kw>
<status status="PASS" starttime="20210908 22:17:54.760" endtime="20210908 22:17:57.739"/>
</kw>
<kw name="select product vega hairstraightner">
<kw name="Click Element" library="SeleniumLibrary">
<arg>${selecting the product by click}</arg>
<doc>Click the element identified by ``locator``.</doc>
<msg timestamp="20210908 22:17:57.748" level="INFO">Clicking element 'xpath://*[@id="container"]/div/div[2]/div/div/div[5]/a/div[2]/div[2]/div[2]/div/div/div[2]/a[4]'.</msg>
<status status="PASS" starttime="20210908 22:17:57.748" endtime="20210908 22:17:57.857"/>
</kw>
<kw name="Sleep" library="BuiltIn">
<arg>3</arg>
<doc>Pauses the test executed for the given time.</doc>
<msg timestamp="20210908 22:18:00.866" level="INFO">Slept 3 seconds</msg>
<status status="PASS" starttime="20210908 22:17:57.860" endtime="20210908 22:18:00.868"/>
</kw>
<kw name="Mouse Down On Link" library="SeleniumLibrary">
<arg>${scrolling down on the provided link of the product}</arg>
<doc>Simulates a mouse down event on a link identified by ``locator``.</doc>
<status status="PASS" starttime="20210908 22:18:00.869" endtime="20210908 22:18:01.396"/>
</kw>
<kw name="Sleep" library="BuiltIn">
<arg>3</arg>
<doc>Pauses the test executed for the given time.</doc>
<msg timestamp="20210908 22:18:04.414" level="INFO">Slept 3 seconds</msg>
<status status="PASS" starttime="20210908 22:18:01.401" endtime="20210908 22:18:04.417"/>
</kw>
<kw name="Click Element" library="SeleniumLibrary">
<arg>${select vega hairstraightner}</arg>
<doc>Click the element identified by ``locator``.</doc>
<msg timestamp="20210908 22:18:04.426" level="INFO">Clicking element 'xpath://*[@id="container"]/div/div[3]/div[1]/div[2]/div[2]/div/div[2]/div/a[2]'.</msg>
<status status="PASS" starttime="20210908 22:18:04.420" endtime="20210908 22:18:04.661"/>
</kw>
<kw name="Sleep" library="BuiltIn">
<arg>3</arg>
<doc>Pauses the test executed for the given time.</doc>
<msg timestamp="20210908 22:18:07.675" level="INFO">Slept 3 seconds</msg>
<status status="PASS" starttime="20210908 22:18:04.665" endtime="20210908 22:18:07.678"/>
</kw>
<kw name="Switch Window" library="SeleniumLibrary">
<arg>locator=NEW</arg>
<doc>Switches to browser window matching ``locator``.</doc>
<status status="PASS" starttime="20210908 22:18:07.681" endtime="20210908 22:18:07.720"/>
</kw>
<kw name="Sleep" library="BuiltIn">
<arg>3</arg>
<doc>Pauses the test executed for the given time.</doc>
<msg timestamp="20210908 22:18:10.725" level="INFO">Slept 3 seconds</msg>
<status status="PASS" starttime="20210908 22:18:07.722" endtime="20210908 22:18:10.728"/>
</kw>
<status status="PASS" starttime="20210908 22:17:57.739" endtime="20210908 22:18:10.729"/>
</kw>
<kw name="adding selected product to cart">
<kw name="Click Button" library="SeleniumLibrary">
<arg>${add item}</arg>
<doc>Clicks the button identified by ``locator``.</doc>
<msg timestamp="20210908 22:18:10.741" level="INFO">Clicking button 'xpath://*[@id="container"]/div/div[3]/div[1]/div[1]/div[2]/div/ul/li[1]/button'.</msg>
<status status="PASS" starttime="20210908 22:18:10.741" endtime="20210908 22:18:10.945"/>
</kw>
<kw name="Sleep" library="BuiltIn">
<arg>3</arg>
<doc>Pauses the test executed for the given time.</doc>
<msg timestamp="20210908 22:18:13.957" level="INFO">Slept 3 seconds</msg>
<status status="PASS" starttime="20210908 22:18:10.947" endtime="20210908 22:18:13.959"/>
</kw>
<status status="PASS" starttime="20210908 22:18:10.736" endtime="20210908 22:18:13.967"/>
</kw>
<kw name="back to homepage">
<kw name="Click Element" library="SeleniumLibrary">
<arg>${back to homepage}</arg>
<doc>Click the element identified by ``locator``.</doc>
<msg timestamp="20210908 22:18:13.979" level="INFO">Clicking element 'xpath://*[@id="container"]/div/div[1]/div[1]/div[2]/div[1]/div/a[1]/img'.</msg>
<status status="PASS" starttime="20210908 22:18:13.970" endtime="20210908 22:18:14.113"/>
</kw>
<kw name="Sleep" library="BuiltIn">
<arg>3</arg>
<doc>Pauses the test executed for the given time.</doc>
<msg timestamp="20210908 22:18:17.137" level="INFO">Slept 3 seconds</msg>
<status status="PASS" starttime="20210908 22:18:14.118" endtime="20210908 22:18:17.140"/>
</kw>
<status status="PASS" starttime="20210908 22:18:13.970" endtime="20210908 22:18:17.150"/>
</kw>
<kw name="finalizing item in cart">
<kw name="Click Element" library="SeleniumLibrary">
<arg>${item in cart}</arg>
<doc>Click the element identified by ``locator``.</doc>
<msg timestamp="20210908 22:18:17.169" level="INFO">Clicking element 'xpath://*[@id="container"]/div/div[1]/div[1]/div[2]/div[5]/div/div/a/span'.</msg>
<status status="PASS" starttime="20210908 22:18:17.168" endtime="20210908 22:18:17.384"/>
</kw>
<kw name="Sleep" library="BuiltIn">
<arg>3</arg>
<doc>Pauses the test executed for the given time.</doc>
<msg timestamp="20210908 22:18:20.397" level="INFO">Slept 3 seconds</msg>
<status status="PASS" starttime="20210908 22:18:17.388" endtime="20210908 22:18:20.398"/>
</kw>
<status status="PASS" starttime="20210908 22:18:17.156" endtime="20210908 22:18:20.399"/>
</kw>
<tag>sanity</tag>
<status status="PASS" starttime="20210908 22:17:33.727" endtime="20210908 22:18:20.399"/>
</test>
<status status="PASS" starttime="20210908 22:17:32.273" endtime="20210908 22:18:20.407"/>
</suite>
<statistics>
<total>
<stat pass="1" fail="0" skip="0">All Tests</stat>
</total>
<tag>
<stat pass="1" fail="0" skip="0">sanity</stat>
</tag>
<suite>
<stat pass="1" fail="0" skip="0" id="s1" name="Testcase">Testcase</stat>
</suite>
</statistics>
<errors>
</errors>
</robot>
